<?xml version="1.0" encoding="UTF-8"?>
<robot generator="Robot 3.2.1 (Python 3.8.3 on darwin)" generated="20200611 15:51:11.522" rpa="false">
<suite id="s1" name="GetBootCamps" source="/Users/blackip/Desktop/Robot/GetBootCamps.robot">
<test id="s1-t1" name="TC_Get_all_bootcamps">
<kw name="GET BOOTCAMPS">
<kw name="Create Session" library="RequestsLibrary">
<doc>Create Session: create a HTTP session to a server</doc>
<arguments>
<arg>GETBOOTCAMPS</arg>
<arg>${Base_URL}</arg>
</arguments>
<msg timestamp="20200611 15:51:11.602" level="INFO">Creating Session using : alias=GETBOOTCAMPS, url=http://localhost:5000, headers={},                     cookies={}, auth=None, timeout=None, proxies=None, verify=False,                     debug=0 </msg>
<status status="PASS" starttime="20200611 15:51:11.601" endtime="20200611 15:51:11.602"></status>
</kw>
<kw name="Get Request" library="RequestsLibrary">
<doc>Send a GET request on the session object found using the
given `alias`</doc>
<arguments>
<arg>GETBOOTCAMPS</arg>
<arg>/</arg>
</arguments>
<assign>
<var>${resp}</var>
</assign>
<msg timestamp="20200611 15:51:11.611" level="INFO">GET Request : url=http://localhost:5000/ 
 path_url=/ 
 headers={'User-Agent': 'python-requests/2.23.0', 'Accept-Encoding': 'gzip, deflate', 'Accept': '*/*', 'Connection': 'keep-alive'} 
 body=None 
 </msg>
<msg timestamp="20200611 15:51:11.611" level="INFO">GET Response : url=http://localhost:5000/ 
 status=200, reason=OK 
 body=hello from express 
 </msg>
<msg timestamp="20200611 15:51:11.611" level="INFO">${resp} = &lt;Response [200]&gt;</msg>
<status status="PASS" starttime="20200611 15:51:11.602" endtime="20200611 15:51:11.611"></status>
</kw>
<kw name="Should Contain" library="BuiltIn">
<doc>Fails if ``container`` does not contain ``item`` one or more times.</doc>
<arguments>
<arg>${resp.text}</arg>
<arg>${MyText}</arg>
</arguments>
<status status="PASS" starttime="20200611 15:51:11.611" endtime="20200611 15:51:11.611"></status>
</kw>
<status status="PASS" starttime="20200611 15:51:11.601" endtime="20200611 15:51:11.612"></status>
</kw>
<status status="PASS" starttime="20200611 15:51:11.601" endtime="20200611 15:51:11.612" critical="yes"></status>
</test>
<status status="PASS" starttime="20200611 15:51:11.524" endtime="20200611 15:51:11.612"></status>
</suite>
<statistics>
<total>
<stat pass="1" fail="0">Critical Tests</stat>
<stat pass="1" fail="0">All Tests</stat>
</total>
<tag>
</tag>
<suite>
<stat pass="1" fail="0" id="s1" name="GetBootCamps">GetBootCamps</stat>
</suite>
</statistics>
<errors>
</errors>
</robot>
